   0.000 2019-02-11 13:56:05; Factorio 0.16.51 (build 36654, linux64, headless)
   0.047 Operating system: Linux (Ubuntu 18.04)
   0.047 Program arguments: "/opt/factorio/bin/x64/factorio" "--create" "/opt/factorio/saves/server-save" 
   0.047 Read data path: /opt/factorio/data
   0.047 Write data path: /opt/factorio [18359/19673MB]
   0.047 Binaries path: /opt/factorio/bin
   0.054 System info: [CPU:            Intel(R) Xeon(R) CPU @ 2.20GHz, 2 cores, RAM: 5960 MB]
   0.054 Environment: DISPLAY=<unset>, WAYLAND_DISPLAY=<unset>
   0.055 Running in headless mode
   0.058 Loading mod core 0.0.0 (data.lua)
   0.069 Loading mod base 0.16.51 (data.lua)
   0.207 Loading mod base 0.16.51 (data-updates.lua)
   0.256 Checksum for core: 840319042
   0.256 Checksum of base: 3323233190
   0.362 Info PlayerData.cpp:67: Local player-data.json unavailable
   0.362 Info PlayerData.cpp:72: Cloud player-data.json unavailable
   0.363 Custom inputs active: 0
   0.364 Factorio initialised
   0.364 Info Main.cpp:858: Creating new map /opt/factorio/saves/server-save
   6.685 Loading Level.dat: 928434 bytes.
   6.686 Info Scenario.cpp:136: Map version 0.16.51-0
   6.719 Checksum for script /opt/factorio/temp/currently-playing/control.lua: 950616531
   6.884 Info GlobalContext.cpp:696: Waiting for child processes to exit: 
   6.896 Goodbye
